0 info it worked if it ends with ok
1 verbose cli [ 'D:\\上课所需软件\\Nodejs\\node.exe',
1 verbose cli   'D:\\上课所需软件\\Nodejs\\node_modules\\npm\\bin\\npm-cli.js',
1 verbose cli   'run',
1 verbose cli   'server' ]
2 info using npm@3.10.10
3 info using node@v6.11.2
4 verbose run-script [ 'preserver', 'server', 'postserver' ]
5 info lifecycle webpackDe@1.0.0~preserver: webpackDe@1.0.0
6 silly lifecycle webpackDe@1.0.0~preserver: no script for preserver, continuing
7 info lifecycle webpackDe@1.0.0~server: webpackDe@1.0.0
8 verbose lifecycle webpackDe@1.0.0~server: unsafe-perm in lifecycle true
9 verbose lifecycle webpackDe@1.0.0~server: PATH: D:\上课所需软件\Nodejs\node_modules\npm\bin\node-gyp-bin;D:\就业班\第8阶段Vue\09day\practice\分析项目结构\node_modules\.bin;C:\windows\system32;C:\windows;C:\windows\System32\Wbem;C:\windows\System32\WindowsPowerShell\v1.0\;D:\上课所需软件\git安装\Git\cmd;D:\wamp\MySQL\bin;D:\上课所需软件\;;C:\Users\Administrator\AppData\Roaming\npm;D:\上课所需软件\Nodejs;D:\上课所需软件\Microsoft VS Code\bin
10 verbose lifecycle webpackDe@1.0.0~server: CWD: D:\就业班\第8阶段Vue\09day\practice\分析项目结构
11 silly lifecycle webpackDe@1.0.0~server: Args: [ '/d /s /c',
11 silly lifecycle   'webpack-dev-server --hot --open --content-base src' ]
12 verbose stack Error: kill ENOSYS
12 verbose stack     at exports._errnoException (util.js:1020:11)
12 verbose stack     at process.kill (internal/process.js:190:13)
12 verbose stack     at process.listener (D:\上课所需软件\Nodejs\node_modules\npm\node_modules\npmlog\node_modules\gauge\node_modules\signal-exit\index.js:86:15)
12 verbose stack     at emitNone (events.js:91:20)
12 verbose stack     at process.emit (events.js:185:7)
12 verbose stack     at processEmit (D:\上课所需软件\Nodejs\node_modules\npm\node_modules\npmlog\node_modules\gauge\node_modules\signal-exit\index.js:146:32)
12 verbose stack     at processEmit (D:\上课所需软件\Nodejs\node_modules\npm\node_modules\npm-registry-client\node_modules\npmlog\node_modules\gauge\node_modules\signal-exit\index.js:146:32)
12 verbose stack     at Signal.wrap.onsignal (internal/process.js:217:44)
13 verbose cwd D:\就业班\第8阶段Vue\09day\practice\分析项目结构
14 error Windows_NT 6.1.7601
15 error argv "D:\\上课所需软件\\Nodejs\\node.exe" "D:\\上课所需软件\\Nodejs\\node_modules\\npm\\bin\\npm-cli.js" "run" "server"
16 error node v6.11.2
17 error npm  v3.10.10
18 error code ENOSYS
19 error errno ENOSYS
20 error syscall kill
21 error kill ENOSYS
22 error If you need help, you may report this error at:
22 error     <https://github.com/npm/npm/issues>
23 verbose exit [ 1, true ]
