0 info it worked if it ends with ok
1 verbose cli [ 'D:\\上课所需软件\\Nodejs\\node.exe',
1 verbose cli   'D:\\上课所需软件\\Nodejs\\node_modules\\npm\\bin\\npm-cli.js',
1 verbose cli   'run',
1 verbose cli   'server' ]
2 info using npm@3.10.10
3 info using node@v6.11.2
4 verbose run-script [ 'preserver', 'server', 'postserver' ]
5 info lifecycle webpackDe@1.0.0~preserver: webpackDe@1.0.0
6 silly lifecycle webpackDe@1.0.0~preserver: no script for preserver, continuing
7 info lifecycle webpackDe@1.0.0~server: webpackDe@1.0.0
8 verbose lifecycle webpackDe@1.0.0~server: unsafe-perm in lifecycle true
9 verbose lifecycle webpackDe@1.0.0~server: PATH: D:\上课所需软件\Nodejs\node_modules\npm\bin\node-gyp-bin;D:\就业班\第8阶段Vue\09day\practice\bxg\node_modules\.bin;C:\windows\system32;C:\windows;C:\windows\System32\Wbem;C:\windows\System32\WindowsPowerShell\v1.0\;D:\上课所需软件\git安装\Git\cmd;D:\wamp\MySQL\bin;D:\上课所需软件\;;C:\Users\Administrator\AppData\Roaming\npm;D:\上课所需软件\Nodejs;D:\上课所需软件\Microsoft VS Code\bin
10 verbose lifecycle webpackDe@1.0.0~server: CWD: D:\就业班\第8阶段Vue\09day\practice\bxg
11 silly lifecycle webpackDe@1.0.0~server: Args: [ '/d /s /c',
11 silly lifecycle   'webpack-dev-server --hot --open --content-base src' ]
12 silly lifecycle webpackDe@1.0.0~server: Returned: code: 3221225786  signal: null
13 info lifecycle webpackDe@1.0.0~server: Failed to exec server script
14 verbose stack Error: webpackDe@1.0.0 server: `webpack-dev-server --hot --open --content-base src`
14 verbose stack Exit status 3221225786
14 verbose stack     at EventEmitter.<anonymous> (D:\上课所需软件\Nodejs\node_modules\npm\lib\utils\lifecycle.js:255:16)
14 verbose stack     at emitTwo (events.js:106:13)
14 verbose stack     at EventEmitter.emit (events.js:191:7)
14 verbose stack     at ChildProcess.<anonymous> (D:\上课所需软件\Nodejs\node_modules\npm\lib\utils\spawn.js:40:14)
14 verbose stack     at emitTwo (events.js:106:13)
14 verbose stack     at ChildProcess.emit (events.js:191:7)
14 verbose stack     at maybeClose (internal/child_process.js:891:16)
14 verbose stack     at Process.ChildProcess._handle.onexit (internal/child_process.js:226:5)
15 verbose pkgid webpackDe@1.0.0
16 verbose cwd D:\就业班\第8阶段Vue\09day\practice\bxg
17 error Windows_NT 6.1.7601
18 error argv "D:\\上课所需软件\\Nodejs\\node.exe" "D:\\上课所需软件\\Nodejs\\node_modules\\npm\\bin\\npm-cli.js" "run" "server"
19 error node v6.11.2
20 error npm  v3.10.10
21 error code ELIFECYCLE
22 error webpackDe@1.0.0 server: `webpack-dev-server --hot --open --content-base src`
22 error Exit status 3221225786
23 error Failed at the webpackDe@1.0.0 server script 'webpack-dev-server --hot --open --content-base src'.
23 error Make sure you have the latest version of node.js and npm installed.
23 error If you do, this is most likely a problem with the webpackDe package,
23 error not with npm itself.
23 error Tell the author that this fails on your system:
23 error     webpack-dev-server --hot --open --content-base src
23 error You can get information on how to open an issue for this project with:
23 error     npm bugs webpackDe
23 error Or if that isn't available, you can get their info via:
23 error     npm owner ls webpackDe
23 error There is likely additional logging output above.
24 verbose exit [ 1, true ]
